<?xml version="1.0" encoding="UTF-8"?>
<!-- Generated by org.testng.reporters.JUnitXMLReporter -->
<testsuite hostname="Lenovo" name="Test" tests="3" failures="1" timestamp="13 Mar 2020 08:54:03 GMT" time="15.798" errors="0">
  <testcase name="pagenavigation" time="9.476" classname="test.homepagetest"/>
  <testcase name="verifyTabs" time="0.89" classname="test.homepagetest"/>
  <testcase name="verifymessage" time="5.283" classname="test.homepagetest">
    <failure type="java.lang.AssertionError" message="expected [true] but found [false]">
      <![CDATA[java.lang.AssertionError: expected [true] but found [false]
	at test.homepagetest.verifymessage(homepagetest.java:47)
... Removed 28 stack frames]]>
    </failure>
  </testcase> <!-- verifymessage -->
</testsuite> <!-- Test -->
