<?xml version="1.0" encoding="UTF-8"?>
<testng-results skipped="0" failed="0" total="3" passed="3">
  <reporter-output>
  </reporter-output>
  <suite name="Suite" duration-ms="16262" started-at="2020-03-13T08:57:45Z" finished-at="2020-03-13T08:58:01Z">
    <groups>
    </groups>
    <test name="Test" duration-ms="16262" started-at="2020-03-13T08:57:45Z" finished-at="2020-03-13T08:58:01Z">
      <class name="test.homepagetest">
        <test-method status="PASS" signature="pagenavigation()[pri:0, instance:test.homepagetest@2892dae4]" name="pagenavigation" duration-ms="8257" started-at="2020-03-13T14:27:45Z" finished-at="2020-03-13T14:27:53Z">
          <reporter-output>
          </reporter-output>
        </test-method> <!-- pagenavigation -->
        <test-method status="PASS" signature="verifyTabs()[pri:0, instance:test.homepagetest@2892dae4]" name="verifyTabs" duration-ms="2092" started-at="2020-03-13T14:27:53Z" finished-at="2020-03-13T14:27:56Z">
          <reporter-output>
          </reporter-output>
        </test-method> <!-- verifyTabs -->
        <test-method status="PASS" signature="verifymessage()[pri:0, instance:test.homepagetest@2892dae4]" name="verifymessage" duration-ms="5865" started-at="2020-03-13T14:27:56Z" finished-at="2020-03-13T14:28:01Z">
          <reporter-output>
          </reporter-output>
        </test-method> <!-- verifymessage -->
      </class> <!-- test.homepagetest -->
    </test> <!-- Test -->
  </suite> <!-- Suite -->
</testng-results>
